f:\c++ project\lokilog\lokilog\debug\vc120.pdb
f:\c++ project\lokilog\lokilog\debug\vc120.idb
f:\c++ project\lokilog\lokilog\debug\lokilog.obj
f:\c++ project\lokilog\debug\lokilog.pdb
f:\c++ project\lokilog\lokilog\debug\lokilog.tlog\cl.command.1.tlog
f:\c++ project\lokilog\lokilog\debug\lokilog.tlog\cl.read.1.tlog
f:\c++ project\lokilog\lokilog\debug\lokilog.tlog\cl.write.1.tlog
f:\c++ project\lokilog\lokilog\debug\lokilog.tlog\link-cvtres.read.1.tlog
f:\c++ project\lokilog\lokilog\debug\lokilog.tlog\link-cvtres.write.1.tlog
f:\c++ project\lokilog\lokilog\debug\lokilog.tlog\link-rc.read.1.tlog
f:\c++ project\lokilog\lokilog\debug\lokilog.tlog\link-rc.write.1.tlog
f:\c++ project\lokilog\lokilog\debug\lokilog.tlog\link.19076-cvtres.read.1.tlog
f:\c++ project\lokilog\lokilog\debug\lokilog.tlog\link.19076-cvtres.write.1.tlog
f:\c++ project\lokilog\lokilog\debug\lokilog.tlog\link.19076-rc.read.1.tlog
f:\c++ project\lokilog\lokilog\debug\lokilog.tlog\link.19076-rc.write.1.tlog
f:\c++ project\lokilog\lokilog\debug\lokilog.tlog\link.19076.read.1.tlog
f:\c++ project\lokilog\lokilog\debug\lokilog.tlog\link.19076.write.1.tlog
f:\c++ project\lokilog\lokilog\debug\lokilog.tlog\link.command.1.tlog
f:\c++ project\lokilog\lokilog\debug\lokilog.tlog\link.read.1.tlog
f:\c++ project\lokilog\lokilog\debug\lokilog.tlog\link.write.1.tlog
